2025-06-17 06:35:05,656 INFO: Received prediction request for parties=[], procedure_type=[] [in /apicode/backend/routes/logreg_routes/logreg_routes.py:17]
2025-06-17 06:35:05,669 ERROR: Prediction error: Connection.cursor() got an unexpected keyword argument 'dictionary' [in /apicode/backend/routes/logreg_routes/logreg_routes.py:27]
2025-06-17 06:35:07,518 INFO: GET /user/<userID>/watchlists route entered [in /apicode/backend/routes/watchlist_routes/watchlist_routes.py:11]
2025-06-17 06:35:07,523 INFO: GET /users route success [in /apicode/backend/routes/watchlist_routes/watchlist_routes.py:25]
2025-06-17 06:35:07,526 INFO: GET /all_meps route entered [in /apicode/backend/routes/watchlist_routes/watchlist_routes.py:97]
2025-06-17 06:35:07,532 INFO: GET /all_meps route success [in /apicode/backend/routes/watchlist_routes/watchlist_routes.py:111]
2025-06-17 06:35:12,157 INFO: GET /time route entered [in /apicode/backend/routes/time_routes/time_routes.py:11]
2025-06-17 06:35:12,185 INFO: GET /time route success [in /apicode/backend/routes/time_routes/time_routes.py:22]
2025-06-17 06:35:39,142 INFO: API startup [in /apicode/backend/rest_entry.py:101]
2025-06-17 06:35:39,142 INFO: current_app(): starting the database connection [in /apicode/backend/rest_entry.py:48]
2025-06-17 06:35:39,143 INFO: create_app(): registering blueprints with Flask app object. [in /apicode/backend/rest_entry.py:52]
2025-06-17 06:37:33,149 INFO: API startup [in /apicode/backend/rest_entry.py:101]
2025-06-17 06:37:33,150 INFO: current_app(): starting the database connection [in /apicode/backend/rest_entry.py:48]
2025-06-17 06:37:33,151 INFO: create_app(): registering blueprints with Flask app object. [in /apicode/backend/rest_entry.py:52]
2025-06-17 06:37:44,639 INFO: Received prediction request for parties=[], procedure_type=[] [in /apicode/backend/routes/logreg_routes/logreg_routes.py:17]
2025-06-17 06:37:44,650 ERROR: Prediction error: Connection.cursor() got an unexpected keyword argument 'dictionary' [in /apicode/backend/routes/logreg_routes/logreg_routes.py:27]
2025-06-17 06:41:09,291 INFO: GET /time route entered [in /apicode/backend/routes/time_routes/time_routes.py:11]
2025-06-17 06:41:09,402 INFO: GET /time route success [in /apicode/backend/routes/time_routes/time_routes.py:22]
2025-06-17 06:50:07,652 INFO: API startup [in /apicode/backend/rest_entry.py:101]
2025-06-17 06:50:07,653 INFO: current_app(): starting the database connection [in /apicode/backend/rest_entry.py:48]
2025-06-17 06:50:07,654 INFO: create_app(): registering blueprints with Flask app object. [in /apicode/backend/rest_entry.py:52]
2025-06-17 06:50:33,691 INFO: API startup [in /apicode/backend/rest_entry.py:101]
2025-06-17 06:50:33,692 INFO: current_app(): starting the database connection [in /apicode/backend/rest_entry.py:48]
2025-06-17 06:50:33,692 INFO: create_app(): registering blueprints with Flask app object. [in /apicode/backend/rest_entry.py:52]
